<?xml version="1.0" encoding="UTF-8"?>
<testng-results ignored="0" total="1" passed="1" failed="0" skipped="0">
  <reporter-output>
  </reporter-output>
  <suite started-at="2026-02-27T15:08:17 MYT" name="Surefire suite" finished-at="2026-02-27T15:08:21 MYT" duration-ms="4483">
    <groups>
    </groups>
    <test started-at="2026-02-27T15:08:17 MYT" name="Surefire test" finished-at="2026-02-27T15:08:21 MYT" duration-ms="4483">
      <class name="com.izzat.automation.FirstTest">
        <test-method signature="openSauceDemo()[pri:0, instance:com.izzat.automation.FirstTest@41ee392b]" started-at="2026-02-27T15:08:17 MYT" name="openSauceDemo" finished-at="2026-02-27T15:08:21 MYT" duration-ms="4438" status="PASS">
          <reporter-output>
          </reporter-output>
        </test-method> <!-- openSauceDemo -->
      </class> <!-- com.izzat.automation.FirstTest -->
    </test> <!-- Surefire test -->
  </suite> <!-- Surefire suite -->
</testng-results>
